{"numTotalTestSuites":2,"numPassedTestSuites":2,"numFailedTestSuites":0,"numPendingTestSuites":0,"numTotalTests":1,"numPassedTests":1,"numFailedTests":0,"numPendingTests":0,"numTodoTests":0,"snapshot":{"added":0,"failure":false,"filesAdded":0,"filesRemoved":0,"filesRemovedList":[],"filesUnmatched":0,"filesUpdated":0,"matched":0,"total":0,"unchecked":0,"uncheckedKeysByFile":[],"unmatched":0,"updated":0,"didUpdate":false},"startTime":1778923662344,"success":true,"testResults":[{"assertionResults":[{"ancestorTitles":["Sanity Check"],"fullName":"Sanity Check should pass","status":"passed","title":"should pass","duration":2.505899999999997,"failureMessages":[],"meta":{},"tags":[]}],"startTime":1778923663180,"endTime":1778923663182.5059,"status":"passed","message":"","name":"C:/Users/creol/OneDrive/Desktop/creole-knowledge-portal/.claude/worktrees/agent-afbf02cb8a7fb6a43/lib/sanity.test.ts"}]}