{"numTotalTestSuites":4,"numPassedTestSuites":4,"numFailedTestSuites":0,"numPendingTestSuites":0,"numTotalTests":4,"numPassedTests":4,"numFailedTests":0,"numPendingTests":0,"numTodoTests":0,"snapshot":{"added":0,"failure":false,"filesAdded":0,"filesRemoved":0,"filesRemovedList":[],"filesUnmatched":0,"filesUpdated":0,"matched":0,"total":0,"unchecked":0,"uncheckedKeysByFile":[],"unmatched":0,"updated":0,"didUpdate":false},"startTime":1780999019320,"success":true,"testResults":[{"assertionResults":[{"ancestorTitles":["Sanity Check"],"fullName":"Sanity Check should pass","status":"passed","title":"should pass","duration":1.5860569999999825,"failureMessages":[],"meta":{},"tags":[]}],"startTime":1780999019540,"endTime":1780999019541.586,"status":"passed","message":"","name":"/var/www/html/creole-knowledge-portal/lib/sanity.test.ts"},{"assertionResults":[{"ancestorTitles":["AI Validator Pipeline Tests"],"fullName":"AI Validator Pipeline Tests should validate blog content and return structured validation report","status":"passed","title":"should validate blog content and return structured validation report","duration":2.4488640000000146,"failureMessages":[],"meta":{},"tags":[]},{"ancestorTitles":["AI Validator Pipeline Tests"],"fullName":"AI Validator Pipeline Tests should factor Jaccard similarity when comparing to existing submissions","status":"passed","title":"should factor Jaccard similarity when comparing to existing submissions","duration":0.6599830000000111,"failureMessages":[],"meta":{},"tags":[]},{"ancestorTitles":["AI Validator Pipeline Tests"],"fullName":"AI Validator Pipeline Tests should generate exactly 3 comprehension quiz questions","status":"passed","title":"should generate exactly 3 comprehension quiz questions","duration":1.2422699999999907,"failureMessages":[],"meta":{},"tags":[]}],"startTime":1780999019549,"endTime":1780999019553.2422,"status":"passed","message":"","name":"/var/www/html/creole-knowledge-portal/lib/ai/validator.test.ts"}]}